<?xml version="1.0" encoding="UTF-8"?>
<!-- Generated by org.testng.reporters.JUnitXMLReporter -->
<testsuite hostname="lgvn14329-w10" ignored="0" name="Chrome Test" tests="4" failures="3" timestamp="29 Jun 2018 05:13:12 GMT" time="62.6" errors="0">
  <testcase name="TC01" time="3.264" classname="TestSuite.testPageDisplay"/>
  <testcase name="TC02" time="5.403" classname="TestSuite.testPageDisplay">
    <failure type="java.lang.AssertionError" message="expected [WOMEN] but found [WOMEN ]">
      <![CDATA[java.lang.AssertionError: expected [WOMEN] but found [WOMEN ]
at TestSuite.testPageDisplay.TC02(testPageDisplay.java:23)
at java.util.concurrent.ThreadPoolExecutor.runWorker(Unknown Source)
at java.util.concurrent.ThreadPoolExecutor$Worker.run(Unknown Source)
at java.lang.Thread.run(Unknown Source)
... Removed 16 stack frames]]>
    </failure>
  </testcase> <!-- TC02 -->
  <testcase name="TC02" time="4.627" classname="TestSuite.testPageDisplay">
    <failure type="java.lang.AssertionError" message="expected [DRESSES] but found [DRESSES ]">
      <![CDATA[java.lang.AssertionError: expected [DRESSES] but found [DRESSES ]
at TestSuite.testPageDisplay.TC02(testPageDisplay.java:23)
at java.util.concurrent.ThreadPoolExecutor.runWorker(Unknown Source)
at java.util.concurrent.ThreadPoolExecutor$Worker.run(Unknown Source)
at java.lang.Thread.run(Unknown Source)
... Removed 16 stack frames]]>
    </failure>
  </testcase> <!-- TC02 -->
  <testcase name="TC02" time="4.557" classname="TestSuite.testPageDisplay">
    <failure type="java.lang.AssertionError" message="expected [T-SHIRTS] but found [T-SHIRTS ]">
      <![CDATA[java.lang.AssertionError: expected [T-SHIRTS] but found [T-SHIRTS ]
at TestSuite.testPageDisplay.TC02(testPageDisplay.java:23)
at java.util.concurrent.ThreadPoolExecutor.runWorker(Unknown Source)
at java.util.concurrent.ThreadPoolExecutor$Worker.run(Unknown Source)
at java.lang.Thread.run(Unknown Source)
... Removed 16 stack frames]]>
    </failure>
  </testcase> <!-- TC02 -->
</testsuite> <!-- Chrome Test -->
