<?xml version="1.0" encoding="UTF-8"?>
<!-- Generated by org.testng.reporters.JUnitXMLReporter -->
<testsuite hostname="NAV-PC" ignored="0" name="Chrome Test" tests="1" failures="1" timestamp="18 Jun 2018 15:19:18 GMT" time="1.238" errors="0">
  <testcase name="TC01" time="1.194" classname="TestSuite.testLogin">
    <failure type="org.testng.internal.reflect.MethodMatcherException" message="
Data provider mismatch
Method: TC01([Parameter{index=0, type=java.lang.String, declaredAnnotations=[]}, Parameter{index=1, type=java.lang.String, declaredAnnotations=[]}, Parameter{index=2, type=java.lang.String, declaredAnnotations=[]}, Parameter{index=3, type=java.lang.String, declaredAnnotations=[]}])
Arguments: [(java.lang.String) 01,(java.lang.String) Verify user can log in with normal account,(java.lang.String) nghiemthuthuy1912@gmail.com]">
      <![CDATA[org.testng.internal.reflect.MethodMatcherException: 
Data provider mismatch
Method: TC01([Parameter{index=0, type=java.lang.String, declaredAnnotations=[]}, Parameter{index=1, type=java.lang.String, declaredAnnotations=[]}, Parameter{index=2, type=java.lang.String, declaredAnnotations=[]}, Parameter{index=3, type=java.lang.String, declaredAnnotations=[]}])
Arguments: [(java.lang.String) 01,(java.lang.String) Verify user can log in with normal account,(java.lang.String) nghiemthuthuy1912@gmail.com]
at java.util.concurrent.ThreadPoolExecutor.runWorker(Unknown Source)
at java.util.concurrent.ThreadPoolExecutor$Worker.run(Unknown Source)
at java.lang.Thread.run(Unknown Source)
... Removed 5 stack frames]]>
    </failure>
  </testcase> <!-- TC01 -->
</testsuite> <!-- Chrome Test -->
